INFO [2018-02-06 13:03:12] [[1]]
INFO [2018-02-06 13:03:12] VENN.LIST
INFO [2018-02-06 13:03:12] 
INFO [2018-02-06 13:03:12] [[2]]
INFO [2018-02-06 13:03:12] NULL
INFO [2018-02-06 13:03:12] 
INFO [2018-02-06 13:03:12] $fill
INFO [2018-02-06 13:03:12] c("darkmagenta", "darkblue")
INFO [2018-02-06 13:03:12] 
INFO [2018-02-06 13:03:12] $alpha
INFO [2018-02-06 13:03:12] c(0.5, 0.5)
INFO [2018-02-06 13:03:12] 
INFO [2018-02-06 13:03:12] $cex
INFO [2018-02-06 13:03:12] [1] 1.5
INFO [2018-02-06 13:03:12] 
INFO [2018-02-06 13:03:12] $cat.fontface
INFO [2018-02-06 13:03:12] [1] 4
INFO [2018-02-06 13:03:12] 
INFO [2018-02-06 13:03:12] $category.names
INFO [2018-02-06 13:03:12] c("Human", "Mouse")
INFO [2018-02-06 13:03:12] 
INFO [2018-02-06 13:03:12] $main
INFO [2018-02-06 13:03:12] paste0("p-value=", formatC(p.value, format = "e", digits = 2))
INFO [2018-02-06 13:03:12] 
INFO [2018-02-06 13:03:12] [[1]]
INFO [2018-02-06 13:03:12] VENN.LIST
INFO [2018-02-06 13:03:12] 
INFO [2018-02-06 13:03:12] [[2]]
INFO [2018-02-06 13:03:12] NULL
INFO [2018-02-06 13:03:12] 
INFO [2018-02-06 13:03:12] $fill
INFO [2018-02-06 13:03:12] c("darkmagenta", "darkblue")
INFO [2018-02-06 13:03:12] 
INFO [2018-02-06 13:03:12] $alpha
INFO [2018-02-06 13:03:12] c(0.5, 0.5)
INFO [2018-02-06 13:03:12] 
INFO [2018-02-06 13:03:12] $cex
INFO [2018-02-06 13:03:12] [1] 1.5
INFO [2018-02-06 13:03:12] 
INFO [2018-02-06 13:03:12] $cat.fontface
INFO [2018-02-06 13:03:12] [1] 4
INFO [2018-02-06 13:03:12] 
INFO [2018-02-06 13:03:12] $category.names
INFO [2018-02-06 13:03:12] c("Human", "Mouse")
INFO [2018-02-06 13:03:12] 
INFO [2018-02-06 13:03:12] $main
INFO [2018-02-06 13:03:12] paste0("p-value=", formatC(p.value, format = "e", digits = 2))
INFO [2018-02-06 13:03:12] 
