INFO [2018-02-06 13:25:09] [[1]]
INFO [2018-02-06 13:25:09] VENN.LIST
INFO [2018-02-06 13:25:09] 
INFO [2018-02-06 13:25:09] [[2]]
INFO [2018-02-06 13:25:09] NULL
INFO [2018-02-06 13:25:09] 
INFO [2018-02-06 13:25:09] $fill
INFO [2018-02-06 13:25:09] c("darkmagenta", "darkblue")
INFO [2018-02-06 13:25:09] 
INFO [2018-02-06 13:25:09] $alpha
INFO [2018-02-06 13:25:09] c(0.5, 0.5)
INFO [2018-02-06 13:25:09] 
INFO [2018-02-06 13:25:09] $cex
INFO [2018-02-06 13:25:09] [1] 1.5
INFO [2018-02-06 13:25:09] 
INFO [2018-02-06 13:25:09] $cat.fontface
INFO [2018-02-06 13:25:09] [1] 4
INFO [2018-02-06 13:25:09] 
INFO [2018-02-06 13:25:09] $category.names
INFO [2018-02-06 13:25:09] c("Human", "Mouse")
INFO [2018-02-06 13:25:09] 
INFO [2018-02-06 13:25:09] $main
INFO [2018-02-06 13:25:09] paste0("p-value=", formatC(p.value, format = "e", digits = 2))
INFO [2018-02-06 13:25:09] 
