INFO [2018-02-06 13:56:25] [[1]]
INFO [2018-02-06 13:56:25] VENN.LIST
INFO [2018-02-06 13:56:25] 
INFO [2018-02-06 13:56:25] [[2]]
INFO [2018-02-06 13:56:25] NULL
INFO [2018-02-06 13:56:25] 
INFO [2018-02-06 13:56:25] $fill
INFO [2018-02-06 13:56:25] c("darkmagenta", "darkblue")
INFO [2018-02-06 13:56:25] 
INFO [2018-02-06 13:56:25] $alpha
INFO [2018-02-06 13:56:25] c(0.5, 0.5)
INFO [2018-02-06 13:56:25] 
INFO [2018-02-06 13:56:25] $cex
INFO [2018-02-06 13:56:25] [1] 1.5
INFO [2018-02-06 13:56:25] 
INFO [2018-02-06 13:56:25] $cat.fontface
INFO [2018-02-06 13:56:25] [1] 4
INFO [2018-02-06 13:56:25] 
INFO [2018-02-06 13:56:25] $category.names
INFO [2018-02-06 13:56:25] c("Human", "Mouse")
INFO [2018-02-06 13:56:25] 
INFO [2018-02-06 13:56:25] $main
INFO [2018-02-06 13:56:25] paste0("p-value=", formatC(p.value, format = "e", digits = 2))
INFO [2018-02-06 13:56:25] 
INFO [2018-02-06 13:56:25] [[1]]
INFO [2018-02-06 13:56:25] VENN.LIST
INFO [2018-02-06 13:56:25] 
INFO [2018-02-06 13:56:25] [[2]]
INFO [2018-02-06 13:56:25] NULL
INFO [2018-02-06 13:56:25] 
INFO [2018-02-06 13:56:25] $fill
INFO [2018-02-06 13:56:25] c("darkmagenta", "darkblue")
INFO [2018-02-06 13:56:25] 
INFO [2018-02-06 13:56:25] $alpha
INFO [2018-02-06 13:56:25] c(0.5, 0.5)
INFO [2018-02-06 13:56:25] 
INFO [2018-02-06 13:56:25] $cex
INFO [2018-02-06 13:56:25] [1] 1.5
INFO [2018-02-06 13:56:25] 
INFO [2018-02-06 13:56:25] $cat.fontface
INFO [2018-02-06 13:56:25] [1] 4
INFO [2018-02-06 13:56:25] 
INFO [2018-02-06 13:56:25] $category.names
INFO [2018-02-06 13:56:25] c("Human", "Mouse")
INFO [2018-02-06 13:56:25] 
INFO [2018-02-06 13:56:25] $main
INFO [2018-02-06 13:56:25] paste0("p-value=", formatC(p.value, format = "e", digits = 2))
INFO [2018-02-06 13:56:25] 
