INFO [2018-02-09 12:24:13] [[1]]
INFO [2018-02-09 12:24:13] VENN.LIST
INFO [2018-02-09 12:24:13] 
INFO [2018-02-09 12:24:13] [[2]]
INFO [2018-02-09 12:24:13] NULL
INFO [2018-02-09 12:24:13] 
INFO [2018-02-09 12:24:13] $fill
INFO [2018-02-09 12:24:13] c("darkmagenta", "darkblue")
INFO [2018-02-09 12:24:13] 
INFO [2018-02-09 12:24:13] $alpha
INFO [2018-02-09 12:24:13] c(0.5, 0.5)
INFO [2018-02-09 12:24:13] 
INFO [2018-02-09 12:24:13] $cex
INFO [2018-02-09 12:24:13] [1] 1.5
INFO [2018-02-09 12:24:13] 
INFO [2018-02-09 12:24:13] $cat.fontface
INFO [2018-02-09 12:24:13] [1] 4
INFO [2018-02-09 12:24:13] 
INFO [2018-02-09 12:24:13] $category.names
INFO [2018-02-09 12:24:13] c("Human", "Mouse")
INFO [2018-02-09 12:24:13] 
INFO [2018-02-09 12:24:13] $main
INFO [2018-02-09 12:24:13] paste0("p-value=", formatC(p.value, format = "e", digits = 2))
INFO [2018-02-09 12:24:13] 
INFO [2018-02-09 12:24:13] [[1]]
INFO [2018-02-09 12:24:13] VENN.LIST
INFO [2018-02-09 12:24:13] 
INFO [2018-02-09 12:24:13] [[2]]
INFO [2018-02-09 12:24:13] NULL
INFO [2018-02-09 12:24:13] 
INFO [2018-02-09 12:24:13] $fill
INFO [2018-02-09 12:24:13] c("darkmagenta", "darkblue")
INFO [2018-02-09 12:24:13] 
INFO [2018-02-09 12:24:13] $alpha
INFO [2018-02-09 12:24:13] c(0.5, 0.5)
INFO [2018-02-09 12:24:13] 
INFO [2018-02-09 12:24:13] $cex
INFO [2018-02-09 12:24:13] [1] 1.5
INFO [2018-02-09 12:24:13] 
INFO [2018-02-09 12:24:13] $cat.fontface
INFO [2018-02-09 12:24:13] [1] 4
INFO [2018-02-09 12:24:13] 
INFO [2018-02-09 12:24:13] $category.names
INFO [2018-02-09 12:24:13] c("Human", "Mouse")
INFO [2018-02-09 12:24:13] 
INFO [2018-02-09 12:24:13] $main
INFO [2018-02-09 12:24:13] paste0("p-value=", formatC(p.value, format = "e", digits = 2))
INFO [2018-02-09 12:24:13] 
