INFO [2018-02-06 13:25:10] [[1]]
INFO [2018-02-06 13:25:10] VENN.LIST
INFO [2018-02-06 13:25:10] 
INFO [2018-02-06 13:25:10] [[2]]
INFO [2018-02-06 13:25:10] NULL
INFO [2018-02-06 13:25:10] 
INFO [2018-02-06 13:25:10] $fill
INFO [2018-02-06 13:25:10] c("darkmagenta", "darkblue")
INFO [2018-02-06 13:25:10] 
INFO [2018-02-06 13:25:10] $alpha
INFO [2018-02-06 13:25:10] c(0.5, 0.5)
INFO [2018-02-06 13:25:10] 
INFO [2018-02-06 13:25:10] $cex
INFO [2018-02-06 13:25:10] [1] 1.5
INFO [2018-02-06 13:25:10] 
INFO [2018-02-06 13:25:10] $cat.fontface
INFO [2018-02-06 13:25:10] [1] 4
INFO [2018-02-06 13:25:10] 
INFO [2018-02-06 13:25:10] $category.names
INFO [2018-02-06 13:25:10] c("Human", "Mouse")
INFO [2018-02-06 13:25:10] 
INFO [2018-02-06 13:25:10] $main
INFO [2018-02-06 13:25:10] paste0("p-value=", formatC(p.value, format = "e", digits = 2))
INFO [2018-02-06 13:25:10] 
