INFO [2017-12-12 21:38:29] [[1]]
INFO [2017-12-12 21:38:29] VENN.LIST
INFO [2017-12-12 21:38:29] 
INFO [2017-12-12 21:38:29] [[2]]
INFO [2017-12-12 21:38:29] NULL
INFO [2017-12-12 21:38:29] 
INFO [2017-12-12 21:38:29] $fill
INFO [2017-12-12 21:38:29] c("darkmagenta", "darkblue")
INFO [2017-12-12 21:38:29] 
INFO [2017-12-12 21:38:29] $alpha
INFO [2017-12-12 21:38:29] c(0.5, 0.5)
INFO [2017-12-12 21:38:29] 
INFO [2017-12-12 21:38:29] $cex
INFO [2017-12-12 21:38:29] [1] 1.5
INFO [2017-12-12 21:38:29] 
INFO [2017-12-12 21:38:29] $cat.fontface
INFO [2017-12-12 21:38:29] [1] 4
INFO [2017-12-12 21:38:29] 
INFO [2017-12-12 21:38:29] $category.names
INFO [2017-12-12 21:38:29] c("Human", "Mouse")
INFO [2017-12-12 21:38:29] 
INFO [2017-12-12 21:38:29] $main
INFO [2017-12-12 21:38:29] paste0("p-value=", formatC(p.value, format = "e", digits = 2))
INFO [2017-12-12 21:38:29] 
INFO [2017-12-12 21:38:29] [[1]]
INFO [2017-12-12 21:38:29] VENN.LIST
INFO [2017-12-12 21:38:29] 
INFO [2017-12-12 21:38:29] [[2]]
INFO [2017-12-12 21:38:29] NULL
INFO [2017-12-12 21:38:29] 
INFO [2017-12-12 21:38:29] $fill
INFO [2017-12-12 21:38:29] c("darkmagenta", "darkblue")
INFO [2017-12-12 21:38:29] 
INFO [2017-12-12 21:38:29] $alpha
INFO [2017-12-12 21:38:29] c(0.5, 0.5)
INFO [2017-12-12 21:38:29] 
INFO [2017-12-12 21:38:29] $cex
INFO [2017-12-12 21:38:29] [1] 1.5
INFO [2017-12-12 21:38:29] 
INFO [2017-12-12 21:38:29] $cat.fontface
INFO [2017-12-12 21:38:29] [1] 4
INFO [2017-12-12 21:38:29] 
INFO [2017-12-12 21:38:29] $category.names
INFO [2017-12-12 21:38:29] c("Human", "Mouse")
INFO [2017-12-12 21:38:29] 
INFO [2017-12-12 21:38:29] $main
INFO [2017-12-12 21:38:29] paste0("p-value=", formatC(p.value, format = "e", digits = 2))
INFO [2017-12-12 21:38:29] 
